<?xml version="1.0" encoding="UTF-8"?>
<testng-results ignored="0" total="1" passed="1" failed="0" skipped="0">
  <reporter-output>
  </reporter-output>
  <suite started-at="2022-07-24T19:27:01 IST" name="Default suite" finished-at="2022-07-24T19:27:59 IST" duration-ms="57797">
    <groups>
    </groups>
    <test started-at="2022-07-24T19:27:01 IST" name="Default test" finished-at="2022-07-24T19:27:59 IST" duration-ms="57797">
      <class name="AutomationFramework.FirstTest">
        <test-method signature="test1()[pri:0, instance:AutomationFramework.FirstTest@6da21078]" started-at="2022-07-24T19:27:01 IST" name="test1" finished-at="2022-07-24T19:27:59 IST" duration-ms="57733" status="PASS">
          <reporter-output>
          </reporter-output>
        </test-method> <!-- test1 -->
      </class> <!-- AutomationFramework.FirstTest -->
    </test> <!-- Default test -->
  </suite> <!-- Default suite -->
</testng-results>
